# JRE version: OpenJDK Runtime Environment Temurin-17.0.6+10 (17.0.6+10) (build 17.0.6+10)
# Java VM: OpenJDK 64-Bit Server VM Temurin-17.0.6+10 (17.0.6+10, mixed mode, emulated-client, tiered, compressed oops, compressed class ptrs, g1 gc, windows-amd64)
GC Precious Log:
 CPUs: 4 total, 4 available
 Memory: 8150M
 Large Page Support: Disabled
 NUMA Support: Disabled
 Compressed Oops: Enabled (32-bit)
 Heap Region Size: 1M
 Heap Min Capacity: 8M
 Heap Initial Capacity: 128M
 Heap Max Capacity: 2038M
 Pre-touch: Disabled
 Parallel Workers: 4
 Concurrent Workers: 1
 Concurrent Refinement Workers: 4
 Periodic GC: Disabled
Heap:
 garbage-first heap   total 64512K, used 31086K [0x0000000080a00000, 0x0000000100000000)
  region size 1024K, 20 young (20480K), 4 survivors (4096K)
 Metaspace       used 35692K, committed 36160K, reserved 1081344K
  class space    used 4482K, committed 4672K, reserved 1048576K
GC Heap History (17 events):
Event: 0.677 GC heap before
{Heap before GC invocations=0 (full 0):
 garbage-first heap   total 131072K, used 13312K [0x0000000080a00000, 0x0000000100000000)
  region size 1024K, 13 young (13312K), 0 survivors (0K)
 Metaspace       used 13491K, committed 13696K, reserved 1064960K
  class space    used 1380K, committed 1472K, reserved 1048576K
}
Event: 0.681 GC heap after
{Heap after GC invocations=1 (full 0):
 garbage-first heap   total 131072K, used 6272K [0x0000000080a00000, 0x0000000100000000)
  region size 1024K, 2 young (2048K), 2 survivors (2048K)
 Metaspace       used 13491K, committed 13696K, reserved 1064960K
  class space    used 1380K, committed 1472K, reserved 1048576K
}
Event: 0.917 GC heap before
{Heap before GC invocations=1 (full 0):
 garbage-first heap   total 131072K, used 18560K [0x0000000080a00000, 0x0000000100000000)
  region size 1024K, 14 young (14336K), 2 survivors (2048K)
 Metaspace       used 17161K, committed 17408K, reserved 1064960K
  class space    used 1866K, committed 1984K, reserved 1048576K
}
Event: 0.921 GC heap after
{Heap after GC invocations=2 (full 0):
 garbage-first heap   total 131072K, used 7606K [0x0000000080a00000, 0x0000000100000000)
  region size 1024K, 2 young (2048K), 2 survivors (2048K)
 Metaspace       used 17161K, committed 17408K, reserved 1064960K
  class space    used 1866K, committed 1984K, reserved 1048576K
}
Event: 1.144 GC heap before
{Heap before GC invocations=2 (full 0):
 garbage-first heap   total 131072K, used 23990K [0x0000000080a00000, 0x0000000100000000)
  region size 1024K, 19 young (19456K), 2 survivors (2048K)
 Metaspace       used 21246K, committed 21504K, reserved 1073152K
  class space    used 2438K, committed 2560K, reserved 1048576K
}
Event: 1.147 GC heap after
{Heap after GC invocations=3 (full 0):
 garbage-first heap   total 131072K, used 8772K [0x0000000080a00000, 0x0000000100000000)
  region size 1024K, 3 young (3072K), 3 survivors (3072K)
 Metaspace       used 21246K, committed 21504K, reserved 1073152K
  class space    used 2438K, committed 2560K, reserved 1048576K
}
Event: 1.405 GC heap before
{Heap before GC invocations=4 (full 0):
 garbage-first heap   total 40960K, used 30276K [0x0000000080a00000, 0x0000000100000000)
  region size 1024K, 25 young (25600K), 3 survivors (3072K)
 Metaspace       used 26249K, committed 26560K, reserved 1073152K
  class space    used 3124K, committed 3264K, reserved 1048576K
}
Event: 1.409 GC heap after
{Heap after GC invocations=5 (full 0):
 garbage-first heap   total 40960K, used 10143K [0x0000000080a00000, 0x0000000100000000)
  region size 1024K, 4 young (4096K), 4 survivors (4096K)
 Metaspace       used 26249K, committed 26560K, reserved 1073152K
  class space    used 3124K, committed 3264K, reserved 1048576K
}
Event: 1.424 GC heap before
{Heap before GC invocations=5 (full 0):
 garbage-first heap   total 40960K, used 11167K [0x0000000080a00000, 0x0000000100000000)
  region size 1024K, 5 young (5120K), 4 survivors (4096K)
 Metaspace       used 26368K, committed 26688K, reserved 1073152K
  class space    used 3141K, committed 3264K, reserved 1048576K
}
Event: 1.427 GC heap after
{Heap after GC invocations=6 (full 0):
 garbage-first heap   total 40960K, used 10781K [0x0000000080a00000, 0x0000000100000000)
  region size 1024K, 1 young (1024K), 1 survivors (1024K)
 Metaspace       used 26368K, committed 26688K, reserved 1073152K
  class space    used 3141K, committed 3264K, reserved 1048576K
}
Event: 1.646 GC heap before
{Heap before GC invocations=6 (full 0):
 garbage-first heap   total 40960K, used 27165K [0x0000000080a00000, 0x0000000100000000)
  region size 1024K, 17 young (17408K), 1 survivors (1024K)
 Metaspace       used 27810K, committed 28096K, reserved 1081344K
  class space    used 3345K, committed 3456K, reserved 1048576K
}
Event: 1.648 GC heap after
{Heap after GC invocations=7 (full 0):
 garbage-first heap   total 40960K, used 11808K [0x0000000080a00000, 0x0000000100000000)
  region size 1024K, 2 young (2048K), 2 survivors (2048K)
 Metaspace       used 27810K, committed 28096K, reserved 1081344K
  class space    used 3345K, committed 3456K, reserved 1048576K
}
Event: 1.917 GC heap before
{Heap before GC invocations=7 (full 0):
 garbage-first heap   total 40960K, used 28192K [0x0000000080a00000, 0x0000000100000000)
  region size 1024K, 18 young (18432K), 2 survivors (2048K)
 Metaspace       used 30101K, committed 30336K, reserved 1081344K
  class space    used 3690K, committed 3776K, reserved 1048576K
}
Event: 1.920 GC heap after
{Heap after GC invocations=8 (full 0):
 garbage-first heap   total 40960K, used 12974K [0x0000000080a00000, 0x0000000100000000)
  region size 1024K, 3 young (3072K), 3 survivors (3072K)
 Metaspace       used 30101K, committed 30336K, reserved 1081344K
  class space    used 3690K, committed 3776K, reserved 1048576K
}
Event: 2.163 GC heap before
{Heap before GC invocations=8 (full 0):
 garbage-first heap   total 40960K, used 28334K [0x0000000080a00000, 0x0000000100000000)
  region size 1024K, 18 young (18432K), 3 survivors (3072K)
 Metaspace       used 32840K, committed 33216K, reserved 1081344K
  class space    used 4107K, committed 4288K, reserved 1048576K
}
Event: 2.168 GC heap after
{Heap after GC invocations=9 (full 0):
 garbage-first heap   total 64512K, used 14702K [0x0000000080a00000, 0x0000000100000000)
  region size 1024K, 3 young (3072K), 3 survivors (3072K)
 Metaspace       used 32840K, committed 33216K, reserved 1081344K
  class space    used 4107K, committed 4288K, reserved 1048576K
}
Event: 2.437 GC heap before
{Heap before GC invocations=9 (full 0):
 garbage-first heap   total 64512K, used 30062K [0x0000000080a00000, 0x0000000100000000)
  region size 1024K, 19 young (19456K), 3 survivors (3072K)
 Metaspace       used 35692K, committed 36160K, reserved 1081344K
  class space    used 4482K, committed 4672K, reserved 1048576K
}

